<?xml version="1.0" encoding="UTF-8"?>
<!-- Generated by org.testng.reporters.JUnitReportReporter -->
<testsuite hostname="DESKTOP-G7VO9JG" failures="0" tests="1" name="Moven.pnbbank.Class1" time="0.016" errors="0" timestamp="2022-03-25T10:31:01 IST" skipped="0">
  <testcase classname="Moven.pnbbank.Class1" name="test" time="0.016"/>
  <system-out>
    <![CDATA[hello testing program]]>
  </system-out>
</testsuite> <!-- Moven.pnbbank.Class1 -->
