<?xml version="1.0" encoding="UTF-8"?>
<!-- Generated by org.testng.reporters.JUnitReportReporter -->
<testsuite hostname="DESKTOP-G7VO9JG" failures="0" tests="1" name="Moven.pnbbank.AppTest" time="0.011" errors="0" timestamp="2022-03-25T11:19:01 IST" skipped="0">
  <testcase classname="Moven.pnbbank.AppTest" name="test" time="0.011"/>
  <system-out>
    <![CDATA[hello testing program]]>
  </system-out>
</testsuite> <!-- Moven.pnbbank.AppTest -->
